0 info it worked if it ends with ok
1 verbose cli [ '/usr/local/bin/node', '/usr/local/bin/npm', 'start' ]
2 info using npm@3.10.3
3 info using node@v4.4.7
4 verbose run-script [ 'prestart', 'start', 'poststart' ]
5 info lifecycle node-handlebars-boilerplate@1.0.0~prestart: node-handlebars-boilerplate@1.0.0
6 verbose lifecycle node-handlebars-boilerplate@1.0.0~prestart: unsafe-perm in lifecycle true
7 verbose lifecycle node-handlebars-boilerplate@1.0.0~prestart: PATH: /usr/local/lib/node_modules/npm/bin/node-gyp-bin:/Users/christianeckenrodework/Sites/node-handlebars-boilerplate/node_modules/.bin:/usr/local/bin:/usr/local/bin:/usr/bin:/bin:/usr/sbin:/sbin:/Users/christianeckenrodework/.sdkman/candidates/grails/current/bin
8 verbose lifecycle node-handlebars-boilerplate@1.0.0~prestart: CWD: /Users/christianeckenrodework/Sites/node-handlebars-boilerplate
9 silly lifecycle node-handlebars-boilerplate@1.0.0~prestart: Args: [ '-c', 'node-sass sass/base.scss public/styles/styles.css' ]
10 silly lifecycle node-handlebars-boilerplate@1.0.0~prestart: Returned: code: 0  signal: null
11 info lifecycle node-handlebars-boilerplate@1.0.0~start: node-handlebars-boilerplate@1.0.0
12 verbose lifecycle node-handlebars-boilerplate@1.0.0~start: unsafe-perm in lifecycle true
13 verbose lifecycle node-handlebars-boilerplate@1.0.0~start: PATH: /usr/local/lib/node_modules/npm/bin/node-gyp-bin:/Users/christianeckenrodework/Sites/node-handlebars-boilerplate/node_modules/.bin:/usr/local/bin:/usr/local/bin:/usr/bin:/bin:/usr/sbin:/sbin:/Users/christianeckenrodework/.sdkman/candidates/grails/current/bin
14 verbose lifecycle node-handlebars-boilerplate@1.0.0~start: CWD: /Users/christianeckenrodework/Sites/node-handlebars-boilerplate
15 silly lifecycle node-handlebars-boilerplate@1.0.0~start: Args: [ '-c', 'node server.js' ]
16 silly lifecycle node-handlebars-boilerplate@1.0.0~start: Returned: code: 1  signal: null
17 info lifecycle node-handlebars-boilerplate@1.0.0~start: Failed to exec start script
18 verbose stack Error: node-handlebars-boilerplate@1.0.0 start: `node server.js`
18 verbose stack Exit status 1
18 verbose stack     at EventEmitter.<anonymous> (/usr/local/lib/node_modules/npm/lib/utils/lifecycle.js:242:16)
18 verbose stack     at emitTwo (events.js:87:13)
18 verbose stack     at EventEmitter.emit (events.js:172:7)
18 verbose stack     at ChildProcess.<anonymous> (/usr/local/lib/node_modules/npm/lib/utils/spawn.js:40:14)
18 verbose stack     at emitTwo (events.js:87:13)
18 verbose stack     at ChildProcess.emit (events.js:172:7)
18 verbose stack     at maybeClose (internal/child_process.js:827:16)
18 verbose stack     at Process.ChildProcess._handle.onexit (internal/child_process.js:211:5)
19 verbose pkgid node-handlebars-boilerplate@1.0.0
20 verbose cwd /Users/christianeckenrodework/Sites/node-handlebars-boilerplate
21 error Darwin 15.4.0
22 error argv "/usr/local/bin/node" "/usr/local/bin/npm" "start"
23 error node v4.4.7
24 error npm  v3.10.3
25 error code ELIFECYCLE
26 error node-handlebars-boilerplate@1.0.0 start: `node server.js`
26 error Exit status 1
27 error Failed at the node-handlebars-boilerplate@1.0.0 start script 'node server.js'.
27 error Make sure you have the latest version of node.js and npm installed.
27 error If you do, this is most likely a problem with the node-handlebars-boilerplate package,
27 error not with npm itself.
27 error Tell the author that this fails on your system:
27 error     node server.js
27 error You can get information on how to open an issue for this project with:
27 error     npm bugs node-handlebars-boilerplate
27 error Or if that isn't available, you can get their info via:
27 error     npm owner ls node-handlebars-boilerplate
27 error There is likely additional logging output above.
28 verbose exit [ 1, true ]
